* using log directory ‘/Users/songxiaoyu152/NUS Dropbox/Xiaoyu Song/SpatialTranscriptomics/Paper_QuadST/Github/QuadST.Rcheck’
* using R version 4.4.1 (2024-06-14)
* using platform: aarch64-apple-darwin20
* R was compiled by
    Apple clang version 14.0.0 (clang-1400.0.29.202)
    GNU Fortran (GCC) 12.2.0
* running under: macOS Sonoma 14.4
* using session charset: UTF-8
* using options ‘--no-manual --as-cran’
* checking for file ‘QuadST/DESCRIPTION’ ... OK
* checking extension type ... Package
* this is package ‘QuadST’ version ‘0.1.0’
* package encoding: UTF-8
* checking package namespace information ... OK
* checking package dependencies ... OK
* checking if this is a source package ... OK
* checking if there is a namespace ... OK
* checking for executable files ... OK
* checking for hidden files and directories ... OK
* checking for portable file names ... OK
* checking for sufficient/correct file permissions ... OK
* checking whether package ‘QuadST’ can be installed ... OK
* checking installed package size ... NOTE
  installed size is  6.9Mb
  sub-directories of 1Mb or more:
    data   6.8Mb
* checking package directory ... OK
* checking for future file timestamps ... OK
* checking DESCRIPTION meta-information ... OK
* checking top-level files ... OK
* checking for left-over files ... OK
* checking index information ... OK
* checking package subdirectories ... OK
* checking code files for non-ASCII characters ... OK
* checking R files for syntax errors ... OK
* checking whether the package can be loaded ... OK
* checking whether the package can be loaded with stated dependencies ... OK
* checking whether the package can be unloaded cleanly ... OK
* checking whether the namespace can be loaded with stated dependencies ... OK
* checking whether the namespace can be unloaded cleanly ... OK
* checking dependencies in R code ... WARNING
'::' or ':::' import not declared from: ‘ACAT’
Namespaces in Imports field not imported from:
  ‘QRank’ ‘quantreg’ ‘spatstat’ ‘tidyverse’
  All declared Imports should be used.
* checking S3 generic/method consistency ... OK
* checking replacement functions ... OK
* checking foreign function calls ... OK
* checking R code for possible problems ... NOTE
.ACAT_QRpvalue: no visible global function definition for ‘is’
.ACAT_QRpvalue: no visible binding for global variable ‘.’
.QRank_multi: no visible global function definition for ‘lm’
.QRank_multi: no visible global function definition for ‘rq.fit.br’
.QRank_multi: no visible global function definition for ‘pchisq’
.QRank_multi: no visible global function definition for ‘cov2cor’
.QRank_multi: no visible global function definition for ‘pnorm’
.cal_ABratio: no visible global function definition for ‘is’
.control_eFDR: no visible binding for global variable ‘p_thres’
.control_eFDR: no visible binding for global variable ‘fdr’
.control_eFDR: no visible global function definition for ‘is’
.control_eFDR: no visible binding for global variable ‘.’
.find_nearest_neighbors: no visible global function definition for ‘is’
.find_nearest_neighbors: no visible binding for global variable
  ‘distance’
create_cellpair_matrix: no visible global function definition for ‘is’
create_cellpair_matrix: no visible global function definition for
  ‘colData’
create_cellpair_matrix: no visible global function definition for
  ‘colData<-’
identify_ICGs: no visible global function definition for ‘is’
identify_ICGs: no visible global function definition for ‘colData’
identify_ICGs: no visible global function definition for ‘assays’
identify_ICGs: no visible global function definition for ‘quantile’
identify_ICGs: no visible global function definition for ‘assay’
identify_ICGs: no visible global function definition for ‘model.matrix’
test_QuadST_model: no visible global function definition for ‘is’
test_QuadST_model: no visible global function definition for ‘colData’
test_QuadST_model: no visible global function definition for ‘assays’
test_QuadST_model: no visible global function definition for ‘assay’
test_QuadST_model: no visible global function definition for
  ‘model.matrix’
test_QuadST_model : <anonymous>: no visible global function definition
  for ‘QRank’
test_QuadST_model: no visible binding for global variable ‘.’
transform_count_to_normal: no visible global function definition for
  ‘ecdf’
transform_count_to_normal: no visible global function definition for
  ‘qnorm’
Undefined global functions or variables:
  . QRank assay assays colData colData<- cov2cor distance ecdf fdr is
  lm model.matrix p_thres pchisq pnorm qnorm quantile rq.fit.br
Consider adding
  importFrom("methods", "is")
  importFrom("stats", "cov2cor", "ecdf", "lm", "model.matrix", "pchisq",
             "pnorm", "qnorm", "quantile")
to your NAMESPACE file (and ensure that your DESCRIPTION Imports field
contains 'methods').
* checking Rd files ... OK
* checking Rd metadata ... OK
* checking Rd line widths ... NOTE
Rd file 'create_quantile_levels.Rd':
  \examples lines wider than 100 characters:
     sce_an = create_cellpair_matrix(seqFISHplus_scran_sce, cell_id, cell_coord1, cell_coord2, cell_type, anchor, neighbor, cov=covariate)
     dist_taus <- create_quantile_levels(min_sample_per_quantile = 5, cell_count = anchor_cell_count, max_default = 49)

These lines will be truncated in the PDF manual.
* checking Rd cross-references ... OK
* checking for missing documentation entries ... OK
* checking for code/documentation mismatches ... OK
* checking Rd \usage sections ... OK
* checking Rd contents ... OK
* checking for unstated dependencies in examples ... OK
* checking contents of ‘data’ directory ... OK
* checking data for non-ASCII characters ... OK
* checking LazyData ... WARNING
  LazyData DB of 5.8 MB without LazyDataCompression set
  See §1.1.6 of 'Writing R Extensions'
* checking data for ASCII and uncompressed saves ... WARNING
  
  Note: significantly better compression could be obtained
        by using R CMD build --resave-data
                            old_size new_size compress
  seqFISHplus_scran_sce.rda    5.8Mb    3.6Mb    bzip2
* checking examples ... OK
* checking for non-standard things in the check directory ... OK
* checking for detritus in the temp directory ... OK
* DONE
Status: 3 WARNINGs, 3 NOTEs
